{
  error: Error: .keys required.
      at cookieSession (/Users/bimo/Documents/ProjectILCS/WEBPOOL/rest_api_kudu/node_modules/cookie-session/index.js:56:35)
      at Object.<anonymous> (/Users/bimo/Documents/ProjectILCS/WEBPOOL/rest_api_kudu/src/index.js:39:9)
      at Module._compile (node:internal/modules/cjs/loader:1198:14)
      at Object.Module._extensions..js (node:internal/modules/cjs/loader:1252:10)
      at Module.load (node:internal/modules/cjs/loader:1076:32)
      at Function.Module._load (node:internal/modules/cjs/loader:911:12)
      at Function.executeUserEntryPoint [as runMain] (node:internal/modules/run_main:81:12)
      at node:internal/main/run_main_module:22:47,
  level: 'error',
  message: 'uncaughtException: .keys required.\n' +
    'Error: .keys required.\n' +
    '    at cookieSession (/Users/bimo/Documents/ProjectILCS/WEBPOOL/rest_api_kudu/node_modules/cookie-session/index.js:56:35)\n' +
    '    at Object.<anonymous> (/Users/bimo/Documents/ProjectILCS/WEBPOOL/rest_api_kudu/src/index.js:39:9)\n' +
    '    at Module._compile (node:internal/modules/cjs/loader:1198:14)\n' +
    '    at Object.Module._extensions..js (node:internal/modules/cjs/loader:1252:10)\n' +
    '    at Module.load (node:internal/modules/cjs/loader:1076:32)\n' +
    '    at Function.Module._load (node:internal/modules/cjs/loader:911:12)\n' +
    '    at Function.executeUserEntryPoint [as runMain] (node:internal/modules/run_main:81:12)\n' +
    '    at node:internal/main/run_main_module:22:47',
  stack: 'Error: .keys required.\n' +
    '    at cookieSession (/Users/bimo/Documents/ProjectILCS/WEBPOOL/rest_api_kudu/node_modules/cookie-session/index.js:56:35)\n' +
    '    at Object.<anonymous> (/Users/bimo/Documents/ProjectILCS/WEBPOOL/rest_api_kudu/src/index.js:39:9)\n' +
    '    at Module._compile (node:internal/modules/cjs/loader:1198:14)\n' +
    '    at Object.Module._extensions..js (node:internal/modules/cjs/loader:1252:10)\n' +
    '    at Module.load (node:internal/modules/cjs/loader:1076:32)\n' +
    '    at Function.Module._load (node:internal/modules/cjs/loader:911:12)\n' +
    '    at Function.executeUserEntryPoint [as runMain] (node:internal/modules/run_main:81:12)\n' +
    '    at node:internal/main/run_main_module:22:47',
  exception: true,
  date: 'Thu Oct 31 2024 15:40:06 GMT+0700 (Western Indonesia Time)',
  process: {
    pid: 30301,
    uid: 501,
    gid: 20,
    cwd: '/Users/bimo/Documents/ProjectILCS/WEBPOOL/rest_api_kudu',
    execPath: '/Users/bimo/.nvm/versions/node/v16.20.2/bin/node',
    version: 'v16.20.2',
    argv: [
      '/Users/bimo/.nvm/versions/node/v16.20.2/bin/node',
      '/Users/bimo/Documents/ProjectILCS/WEBPOOL/rest_api_kudu/src/index.js'
    ],
    memoryUsage: {
      rss: 65835008,
      heapTotal: 32071680,
      heapUsed: 21359152,
      external: 3136623,
      arrayBuffers: 992498
    }
  },
  os: { loadavg: [ 7.732421875, 4.2890625, 3.8095703125 ], uptime: 540983 },
  trace: [
    {
      column: 35,
      file: '/Users/bimo/Documents/ProjectILCS/WEBPOOL/rest_api_kudu/node_modules/cookie-session/index.js',
      function: 'cookieSession',
      line: 56,
      method: null,
      native: false
    },
    {
      column: 9,
      file: '/Users/bimo/Documents/ProjectILCS/WEBPOOL/rest_api_kudu/src/index.js',
      function: null,
      line: 39,
      method: null,
      native: false
    },
    {
      column: 14,
      file: 'node:internal/modules/cjs/loader',
      function: 'Module._compile',
      line: 1198,
      method: '_compile',
      native: false
    },
    {
      column: 10,
      file: 'node:internal/modules/cjs/loader',
      function: 'Module._extensions..js',
      line: 1252,
      method: '.js',
      native: false
    },
    {
      column: 32,
      file: 'node:internal/modules/cjs/loader',
      function: 'Module.load',
      line: 1076,
      method: 'load',
      native: false
    },
    {
      column: 12,
      file: 'node:internal/modules/cjs/loader',
      function: 'Module._load',
      line: 911,
      method: '_load',
      native: false
    },
    {
      column: 12,
      file: 'node:internal/modules/run_main',
      function: 'Function.executeUserEntryPoint [as runMain]',
      line: 81,
      method: 'executeUserEntryPoint [as runMain]',
      native: false
    },
    {
      column: 47,
      file: 'node:internal/main/run_main_module',
      function: null,
      line: 22,
      method: null,
      native: false
    }
  ],
  timestamp: 'Oct-31-2024 15:40:06'
}
